<?xml version="1.0" encoding="UTF-8"?>
<!-- Generated by org.testng.reporters.JUnitXMLReporter -->
<testsuite ignored="0" hostname="Zaids-MacBook-M3.local" failures="0" tests="4" name="Test" time="0.034" errors="0" timestamp="2024-04-21T06:23:00 GST">
  <testcase classname="tests.SampleTest" name="@BeforeMethod setUp" time="0.013">
    <failure type="java.lang.IllegalArgumentException" message="Unknown HttpClient factory jdk-http-client">
      <![CDATA[java.lang.IllegalArgumentException: Unknown HttpClient factory jdk-http-client
at org.openqa.selenium.remote.http.HttpClient$Factory.create(HttpClient.java:57)
at org.openqa.selenium.remote.http.HttpClient$Factory.createDefault(HttpClient.java:74)
at io.appium.java_client.remote.AppiumCommandExecutor.<init>(AppiumCommandExecutor.java:102)
at io.appium.java_client.AppiumDriver.<init>(AppiumDriver.java:102)
at utils.DriverUtils.initializeDriver(DriverUtils.java:20)
at tests.BaseTest.setUp(BaseTest.java:13)
at tests.SampleTest.setUp(SampleTest.java:29)
at java.base/java.util.ArrayList.forEach(ArrayList.java:1596)
... Removed 29 stack frames]]>
    </failure>
  </testcase> <!-- @BeforeMethod setUp -->
  <testcase classname="tests.SampleTest" name="@AfterMethod teardown" time="-1.713666180517E9">
    <skipped/>
  </testcase> <!-- @AfterMethod teardown -->
  <testcase classname="tests.SampleTest" name="@BeforeMethod setUp" time="-1.713666180518E9">
    <skipped/>
  </testcase> <!-- @BeforeMethod setUp -->
  <testcase classname="tests.SampleTest" name="@AfterMethod teardown" time="-1.71366618052E9">
    <skipped/>
  </testcase> <!-- @AfterMethod teardown -->
  <testcase classname="tests.SampleTest" name="@BeforeMethod setUp" time="-1.71366618052E9">
    <skipped/>
  </testcase> <!-- @BeforeMethod setUp -->
  <testcase classname="tests.SampleTest" name="@AfterMethod teardown" time="-1.713666180522E9">
    <skipped/>
  </testcase> <!-- @AfterMethod teardown -->
  <testcase classname="tests.SampleTest" name="@BeforeMethod setUp" time="-1.713666180522E9">
    <skipped/>
  </testcase> <!-- @BeforeMethod setUp -->
  <testcase classname="tests.SampleTest" name="@AfterMethod teardown" time="-1.713666180523E9">
    <skipped/>
  </testcase> <!-- @AfterMethod teardown -->
  <testcase classname="tests.SampleTest" name="walletCreationExistingBitcoinTest" time="0.0">
    <skipped/>
  </testcase> <!-- walletCreationExistingBitcoinTest -->
  <testcase classname="tests.SampleTest" name="walletCreationInAppTest" time="0.0">
    <skipped/>
  </testcase> <!-- walletCreationInAppTest -->
  <testcase classname="tests.SampleTest" name="walletCreationManualBackupTest" time="0.0">
    <skipped/>
  </testcase> <!-- walletCreationManualBackupTest -->
  <testcase classname="tests.SampleTest" name="walletCreationSkipBackupTest" time="0.0">
    <skipped/>
  </testcase> <!-- walletCreationSkipBackupTest -->
</testsuite> <!-- Test -->
